<?xml version="1.0" encoding="UTF-8"?>
<!-- Generated by org.testng.reporters.JUnitReportReporter -->
<testsuite hostname="Khushi-MacBook" failures="0" tests="1" name="TestPackage.launchFlipkart" time="28.906" errors="0" timestamp="2025-04-14T20:43:36 IST" skipped="0">
  <testcase classname="TestPackage.launchFlipkart" name="m3" time="28.906"/>
</testsuite> <!-- TestPackage.launchFlipkart -->
