<?xml version="1.0" encoding="UTF-8"?>
<!-- Generated by org.testng.reporters.JUnitReportReporter -->
<testsuite hostname="Khushi-MacBook" failures="0" tests="1" name="TestPackage.launchAmazon" time="31.637" errors="0" timestamp="2025-04-14T20:45:31 IST" skipped="0">
  <testcase classname="TestPackage.launchAmazon" name="m2" time="31.637"/>
</testsuite> <!-- TestPackage.launchAmazon -->
