<?xml version="1.0" encoding="UTF-8"?>
<!-- Generated by org.testng.reporters.JUnitReportReporter -->
<testsuite hostname="Khushi-MacBook" failures="0" tests="1" name="TestPackage.FirstCodeTest" time="224.559" errors="0" timestamp="2025-04-14T19:33:52 IST" skipped="0">
  <testcase classname="TestPackage.FirstCodeTest" name="m1" time="224.559"/>
</testsuite> <!-- TestPackage.FirstCodeTest -->
