<?xml version="1.0" encoding="UTF-8"?>
<!-- Generated by org.testng.reporters.JUnitReportReporter -->
<testsuite hostname="Khushi-MacBook" failures="0" tests="1" name="TestPackage.launchFlipkart" time="8.207" errors="0" timestamp="2025-04-14T20:45:31 IST" skipped="0">
  <testcase classname="TestPackage.launchFlipkart" name="m3" time="8.207"/>
</testsuite> <!-- TestPackage.launchFlipkart -->
